<?xml version="1.0" encoding="UTF-8"?>
<!-- Generated by org.testng.reporters.JUnitReportReporter -->
<testsuite hostname="DESKTOP-LC8G8L6" name="practice.GitPracticeRTest" tests="1" failures="0" timestamp="11 Dec 2021 05:00:39 GMT" time="0.007" errors="0">
  <testcase name="gitPracticeRTest" time="0.007" classname="practice.GitPracticeRTest"/>
</testsuite> <!-- practice.GitPracticeRTest -->
