<?xml version="1.0" encoding="UTF-8"?>
<!-- Generated by org.testng.reporters.JUnitReportReporter -->
<testsuite hostname="DESKTOP-LC8G8L6" name="RegressionPracticewithData" tests="1" failures="0" timestamp="11 Dec 2021 05:14:06 GMT" time="0.000" errors="0">
  <testcase name="regressionPracticewithData" time="0.000" classname="RegressionPracticewithData"/>
</testsuite> <!-- RegressionPracticewithData -->
